# JRE version: OpenJDK Runtime Environment (11.0.12+7) (build 11.0.12+7-b1504.28-7817840)
# Java VM: OpenJDK 64-Bit Server VM (11.0.12+7-b1504.28-7817840, mixed mode, tiered, compressed oops, g1 gc, windows-amd64)
Heap:
 garbage-first heap   total 260096K, used 114412K [0x0000000080000000, 0x0000000100000000)
  region size 1024K, 33 young (33792K), 11 survivors (11264K)
 Metaspace       used 110816K, capacity 114119K, committed 114548K, reserved 1148928K
  class space    used 14618K, capacity 15901K, committed 16072K, reserved 1048576K
GC Heap History (20 events):
Event: 7.647 GC heap before
{Heap before GC invocations=5 (full 0):
 garbage-first heap   total 260096K, used 61594K [0x0000000080000000, 0x0000000100000000)
  region size 1024K, 46 young (47104K), 4 survivors (4096K)
 Metaspace       used 34919K, capacity 35718K, committed 35840K, reserved 1081344K
  class space    used 4533K, capacity 4839K, committed 4864K, reserved 1048576K
}
Event: 7.659 GC heap after
{Heap after GC invocations=6 (full 0):
 garbage-first heap   total 260096K, used 22410K [0x0000000080000000, 0x0000000100000000)
  region size 1024K, 7 young (7168K), 7 survivors (7168K)
 Metaspace       used 34919K, capacity 35718K, committed 35840K, reserved 1081344K
  class space    used 4533K, capacity 4839K, committed 4864K, reserved 1048576K
}
Event: 9.309 GC heap before
{Heap before GC invocations=7 (full 0):
 garbage-first heap   total 260096K, used 121738K [0x0000000080000000, 0x0000000100000000)
  region size 1024K, 101 young (103424K), 7 survivors (7168K)
 Metaspace       used 43479K, capacity 44494K, committed 44672K, reserved 1087488K
  class space    used 5533K, capacity 5897K, committed 6016K, reserved 1048576K
}
Event: 9.323 GC heap after
{Heap after GC invocations=8 (full 0):
 garbage-first heap   total 260096K, used 29358K [0x0000000080000000, 0x0000000100000000)
  region size 1024K, 13 young (13312K), 13 survivors (13312K)
 Metaspace       used 43479K, capacity 44494K, committed 44672K, reserved 1087488K
  class space    used 5533K, capacity 5897K, committed 6016K, reserved 1048576K
}
Event: 11.196 GC heap before
{Heap before GC invocations=8 (full 0):
 garbage-first heap   total 260096K, used 150190K [0x0000000080000000, 0x0000000100000000)
  region size 1024K, 127 young (130048K), 13 survivors (13312K)
 Metaspace       used 49342K, capacity 50604K, committed 50944K, reserved 1093632K
  class space    used 6338K, capacity 6809K, committed 6912K, reserved 1048576K
}
Event: 11.211 GC heap after
{Heap after GC invocations=9 (full 0):
 garbage-first heap   total 260096K, used 42982K [0x0000000080000000, 0x0000000100000000)
  region size 1024K, 16 young (16384K), 16 survivors (16384K)
 Metaspace       used 49342K, capacity 50604K, committed 50944K, reserved 1093632K
  class space    used 6338K, capacity 6809K, committed 6912K, reserved 1048576K
}
Event: 12.436 GC heap before
{Heap before GC invocations=9 (full 0):
 garbage-first heap   total 260096K, used 105446K [0x0000000080000000, 0x0000000100000000)
  region size 1024K, 78 young (79872K), 16 survivors (16384K)
 Metaspace       used 58364K, capacity 59734K, committed 59948K, reserved 1101824K
  class space    used 7448K, capacity 7950K, committed 8064K, reserved 1048576K
}
Event: 12.463 GC heap after
{Heap after GC invocations=10 (full 0):
 garbage-first heap   total 260096K, used 46631K [0x0000000080000000, 0x0000000100000000)
  region size 1024K, 4 young (4096K), 4 survivors (4096K)
 Metaspace       used 58364K, capacity 59734K, committed 59948K, reserved 1101824K
  class space    used 7448K, capacity 7950K, committed 8064K, reserved 1048576K
}
Event: 14.243 GC heap before
{Heap before GC invocations=11 (full 0):
 garbage-first heap   total 260096K, used 164391K [0x0000000080000000, 0x0000000100000000)
  region size 1024K, 119 young (121856K), 4 survivors (4096K)
 Metaspace       used 65825K, capacity 67473K, committed 67628K, reserved 1107968K
  class space    used 8410K, capacity 9023K, committed 9088K, reserved 1048576K
}
Event: 14.258 GC heap after
{Heap after GC invocations=12 (full 0):
 garbage-first heap   total 260096K, used 53979K [0x0000000080000000, 0x0000000100000000)
  region size 1024K, 11 young (11264K), 11 survivors (11264K)
 Metaspace       used 65825K, capacity 67473K, committed 67628K, reserved 1107968K
  class space    used 8410K, capacity 9023K, committed 9088K, reserved 1048576K
}
Event: 18.172 GC heap before
{Heap before GC invocations=13 (full 0):
 garbage-first heap   total 260096K, used 174811K [0x0000000080000000, 0x0000000100000000)
  region size 1024K, 129 young (132096K), 11 survivors (11264K)
 Metaspace       used 78389K, capacity 80108K, committed 80300K, reserved 1118208K
  class space    used 10265K, capacity 10928K, committed 11008K, reserved 1048576K
}
Event: 18.184 GC heap after
{Heap after GC invocations=14 (full 0):
 garbage-first heap   total 260096K, used 61602K [0x0000000080000000, 0x0000000100000000)
  region size 1024K, 17 young (17408K), 17 survivors (17408K)
 Metaspace       used 78389K, capacity 80108K, committed 80300K, reserved 1118208K
  class space    used 10265K, capacity 10928K, committed 11008K, reserved 1048576K
}
Event: 20.323 GC heap before
{Heap before GC invocations=14 (full 0):
 garbage-first heap   total 260096K, used 181410K [0x0000000080000000, 0x0000000100000000)
  region size 1024K, 135 young (138240K), 17 survivors (17408K)
 Metaspace       used 82045K, capacity 84265K, committed 84268K, reserved 1122304K
  class space    used 10801K, capacity 11648K, committed 11648K, reserved 1048576K
}
Event: 20.341 GC heap after
{Heap after GC invocations=15 (full 0):
 garbage-first heap   total 260096K, used 70785K [0x0000000080000000, 0x0000000100000000)
  region size 1024K, 17 young (17408K), 17 survivors (17408K)
 Metaspace       used 82045K, capacity 84265K, committed 84268K, reserved 1122304K
  class space    used 10801K, capacity 11648K, committed 11648K, reserved 1048576K
}
Event: 22.701 GC heap before
{Heap before GC invocations=15 (full 0):
 garbage-first heap   total 260096K, used 191617K [0x0000000080000000, 0x0000000100000000)
  region size 1024K, 134 young (137216K), 17 survivors (17408K)
 Metaspace       used 90624K, capacity 93046K, committed 93356K, reserved 1130496K
  class space    used 11817K, capacity 12732K, committed 12800K, reserved 1048576K
}
Event: 22.721 GC heap after
{Heap after GC invocations=16 (full 0):
 garbage-first heap   total 260096K, used 85500K [0x0000000080000000, 0x0000000100000000)
  region size 1024K, 17 young (17408K), 17 survivors (17408K)
 Metaspace       used 90624K, capacity 93046K, committed 93356K, reserved 1130496K
  class space    used 11817K, capacity 12732K, committed 12800K, reserved 1048576K
}
Event: 24.962 GC heap before
{Heap before GC invocations=16 (full 0):
 garbage-first heap   total 260096K, used 194044K [0x0000000080000000, 0x0000000100000000)
  region size 1024K, 123 young (125952K), 17 survivors (17408K)
 Metaspace       used 96689K, capacity 99351K, committed 99500K, reserved 1134592K
  class space    used 12463K, capacity 13506K, committed 13568K, reserved 1048576K
}
Event: 24.981 GC heap after
{Heap after GC invocations=17 (full 0):
 garbage-first heap   total 260096K, used 91324K [0x0000000080000000, 0x0000000100000000)
  region size 1024K, 9 young (9216K), 9 survivors (9216K)
 Metaspace       used 96689K, capacity 99351K, committed 99500K, reserved 1134592K
  class space    used 12463K, capacity 13506K, committed 13568K, reserved 1048576K
}
Event: 26.996 GC heap before
{Heap before GC invocations=17 (full 0):
 garbage-first heap   total 260096K, used 185532K [0x0000000080000000, 0x0000000100000000)
  region size 1024K, 103 young (105472K), 9 survivors (9216K)
 Metaspace       used 109627K, capacity 113035K, committed 113140K, reserved 1146880K
  class space    used 14527K, capacity 15897K, committed 15944K, reserved 1048576K
}
Event: 27.009 GC heap after
{Heap after GC invocations=18 (full 0):
 garbage-first heap   total 260096K, used 93932K [0x0000000080000000, 0x0000000100000000)
  region size 1024K, 11 young (11264K), 11 survivors (11264K)
 Metaspace       used 109627K, capacity 113035K, committed 113140K, reserved 1146880K
  class space    used 14527K, capacity 15897K, committed 15944K, reserved 1048576K
}

